<?xml version="1.0" encoding="UTF-8"?>
<!-- Generated by org.testng.reporters.JUnitReportReporter -->
<testsuite hostname="DESKTOP-8IR8Q8T" failures="0" tests="3" name="com.saucedemo.test.AllTestClass" time="8.831" errors="0" timestamp="2023-01-14T18:03:47 IST" skipped="0">
  <testcase classname="com.saucedemo.test.AllTestClass" name="Tc05_Buyproductfunctionality" time="3.722"/>
  <system-out/>
  <testcase classname="com.saucedemo.test.AllTestClass" name="Tc03_verify_Pdclickandaddtocart" time="3.053"/>
  <system-out/>
  <testcase classname="com.saucedemo.test.AllTestClass" name="Tc04_Addtocartallproductsfunctionlaity" time="2.056"/>
  <system-out/>
</testsuite> <!-- com.saucedemo.test.AllTestClass -->
