<?xml version="1.0" encoding="UTF-8"?>
<!-- Generated by org.testng.reporters.JUnitReportReporter -->
<testsuite hostname="DESKTOP-8IR8Q8T" failures="0" tests="3" name="com.saucedemo.test.AllTestClass" time="9.746" errors="0" timestamp="2023-01-14T15:05:10 IST" skipped="0">
  <testcase classname="com.saucedemo.test.AllTestClass" name="Tc05_Buyproductfunctionality" time="4.309"/>
  <system-out/>
  <testcase classname="com.saucedemo.test.AllTestClass" name="Tc03_verify_Pdclickandaddtocart" time="3.295"/>
  <system-out/>
  <testcase classname="com.saucedemo.test.AllTestClass" name="Tc04_Addtocartallproductsfunctionlaity" time="2.142"/>
  <system-out/>
</testsuite> <!-- com.saucedemo.test.AllTestClass -->
